# GEOMETRY: CARTESIAN
64
1 -2.500000e-01 -2.420635e-01
2 -2.420635e-01 -2.341270e-01
3 -2.341270e-01 -2.261905e-01
4 -2.261905e-01 -2.182540e-01
5 -2.182540e-01 -2.103175e-01
6 -2.103175e-01 -2.023810e-01
7 -2.023810e-01 -1.944444e-01
8 -1.944444e-01 -1.865079e-01
9 -1.865079e-01 -1.785714e-01
10 -1.785714e-01 -1.706349e-01
11 -1.706349e-01 -1.626984e-01
12 -1.626984e-01 -1.547619e-01
13 -1.547619e-01 -1.468254e-01
14 -1.468254e-01 -1.388889e-01
15 -1.388889e-01 -1.309524e-01
16 -1.309524e-01 -1.230159e-01
17 -1.230159e-01 -1.150794e-01
18 -1.150794e-01 -1.071429e-01
19 -1.071429e-01 -9.920635e-02
20 -9.920635e-02 -9.126984e-02
21 -9.126984e-02 -8.333333e-02
22 -8.333333e-02 -7.539683e-02
23 -7.539683e-02 -6.746032e-02
24 -6.746032e-02 -5.952381e-02
25 -5.952381e-02 -5.158730e-02
26 -5.158730e-02 -4.365079e-02
27 -4.365079e-02 -3.571429e-02
28 -3.571429e-02 -2.777778e-02
29 -2.777778e-02 -1.984127e-02
30 -1.984127e-02 -1.190476e-02
31 -1.190476e-02 -3.968254e-03
32 -3.968254e-03 3.968254e-03
33 3.968254e-03 1.190476e-02
34 1.190476e-02 1.984127e-02
35 1.984127e-02 2.777778e-02
36 2.777778e-02 3.571429e-02
37 3.571429e-02 4.365079e-02
38 4.365079e-02 5.158730e-02
39 5.158730e-02 5.952381e-02
40 5.952381e-02 6.746032e-02
41 6.746032e-02 7.539683e-02
42 7.539683e-02 8.333333e-02
43 8.333333e-02 9.126984e-02
44 9.126984e-02 9.920635e-02
45 9.920635e-02 1.071429e-01
46 1.071429e-01 1.150794e-01
47 1.150794e-01 1.230159e-01
48 1.230159e-01 1.309524e-01
49 1.309524e-01 1.388889e-01
50 1.388889e-01 1.468254e-01
51 1.468254e-01 1.547619e-01
52 1.547619e-01 1.626984e-01
53 1.626984e-01 1.706349e-01
54 1.706349e-01 1.785714e-01
55 1.785714e-01 1.865079e-01
56 1.865079e-01 1.944444e-01
57 1.944444e-01 2.023810e-01
58 2.023810e-01 2.103175e-01
59 2.103175e-01 2.182540e-01
60 2.182540e-01 2.261905e-01
61 2.261905e-01 2.341270e-01
62 2.341270e-01 2.420635e-01
63 2.420635e-01 2.500000e-01
64 2.500000e-01 2.579365e-01
192
1 -7.500000e-01 -7.421466e-01
2 -7.421466e-01 -7.342932e-01
3 -7.342932e-01 -7.264398e-01
4 -7.264398e-01 -7.185864e-01
5 -7.185864e-01 -7.107330e-01
6 -7.107330e-01 -7.028796e-01
7 -7.028796e-01 -6.950262e-01
8 -6.950262e-01 -6.871728e-01
9 -6.871728e-01 -6.793194e-01
10 -6.793194e-01 -6.714660e-01
11 -6.714660e-01 -6.636126e-01
12 -6.636126e-01 -6.557592e-01
13 -6.557592e-01 -6.479058e-01
14 -6.479058e-01 -6.400524e-01
15 -6.400524e-01 -6.321990e-01
16 -6.321990e-01 -6.243455e-01
17 -6.243455e-01 -6.164921e-01
18 -6.164921e-01 -6.086387e-01
19 -6.086387e-01 -6.007853e-01
20 -6.007853e-01 -5.929319e-01
21 -5.929319e-01 -5.850785e-01
22 -5.850785e-01 -5.772251e-01
23 -5.772251e-01 -5.693717e-01
24 -5.693717e-01 -5.615183e-01
25 -5.615183e-01 -5.536649e-01
26 -5.536649e-01 -5.458115e-01
27 -5.458115e-01 -5.379581e-01
28 -5.379581e-01 -5.301047e-01
29 -5.301047e-01 -5.222513e-01
30 -5.222513e-01 -5.143979e-01
31 -5.143979e-01 -5.065445e-01
32 -5.065445e-01 -4.986911e-01
33 -4.986911e-01 -4.908377e-01
34 -4.908377e-01 -4.829843e-01
35 -4.829843e-01 -4.751309e-01
36 -4.751309e-01 -4.672775e-01
37 -4.672775e-01 -4.594241e-01
38 -4.594241e-01 -4.515707e-01
39 -4.515707e-01 -4.437173e-01
40 -4.437173e-01 -4.358639e-01
41 -4.358639e-01 -4.280105e-01
42 -4.280105e-01 -4.201571e-01
43 -4.201571e-01 -4.123037e-01
44 -4.123037e-01 -4.044503e-01
45 -4.044503e-01 -3.965969e-01
46 -3.965969e-01 -3.887435e-01
47 -3.887435e-01 -3.808901e-01
48 -3.808901e-01 -3.730366e-01
49 -3.730366e-01 -3.651832e-01
50 -3.651832e-01 -3.573298e-01
51 -3.573298e-01 -3.494764e-01
52 -3.494764e-01 -3.416230e-01
53 -3.416230e-01 -3.337696e-01
54 -3.337696e-01 -3.259162e-01
55 -3.259162e-01 -3.180628e-01
56 -3.180628e-01 -3.102094e-01
57 -3.102094e-01 -3.023560e-01
58 -3.023560e-01 -2.945026e-01
59 -2.945026e-01 -2.866492e-01
60 -2.866492e-01 -2.787958e-01
61 -2.787958e-01 -2.709424e-01
62 -2.709424e-01 -2.630890e-01
63 -2.630890e-01 -2.552356e-01
64 -2.552356e-01 -2.473822e-01
65 -2.473822e-01 -2.395288e-01
66 -2.395288e-01 -2.316754e-01
67 -2.316754e-01 -2.238220e-01
68 -2.238220e-01 -2.159686e-01
69 -2.159686e-01 -2.081152e-01
70 -2.081152e-01 -2.002618e-01
71 -2.002618e-01 -1.924084e-01
72 -1.924084e-01 -1.845550e-01
73 -1.845550e-01 -1.767016e-01
74 -1.767016e-01 -1.688482e-01
75 -1.688482e-01 -1.609948e-01
76 -1.609948e-01 -1.531414e-01
77 -1.531414e-01 -1.452880e-01
78 -1.452880e-01 -1.374346e-01
79 -1.374346e-01 -1.295812e-01
80 -1.295812e-01 -1.217277e-01
81 -1.217277e-01 -1.138743e-01
82 -1.138743e-01 -1.060209e-01
83 -1.060209e-01 -9.816754e-02
84 -9.816754e-02 -9.031414e-02
85 -9.031414e-02 -8.246073e-02
86 -8.246073e-02 -7.460733e-02
87 -7.460733e-02 -6.675393e-02
88 -6.675393e-02 -5.890052e-02
89 -5.890052e-02 -5.104712e-02
90 -5.104712e-02 -4.319372e-02
91 -4.319372e-02 -3.534031e-02
92 -3.534031e-02 -2.748691e-02
93 -2.748691e-02 -1.963351e-02
94 -1.963351e-02 -1.178010e-02
95 -1.178010e-02 -3.926702e-03
96 -3.926702e-03 3.926702e-03
97 3.926702e-03 1.178010e-02
98 1.178010e-02 1.963351e-02
99 1.963351e-02 2.748691e-02
100 2.748691e-02 3.534031e-02
101 3.534031e-02 4.319372e-02
102 4.319372e-02 5.104712e-02
103 5.104712e-02 5.890052e-02
104 5.890052e-02 6.675393e-02
105 6.675393e-02 7.460733e-02
106 7.460733e-02 8.246073e-02
107 8.246073e-02 9.031414e-02
108 9.031414e-02 9.816754e-02
109 9.816754e-02 1.060209e-01
110 1.060209e-01 1.138743e-01
111 1.138743e-01 1.217277e-01
112 1.217277e-01 1.295812e-01
113 1.295812e-01 1.374346e-01
114 1.374346e-01 1.452880e-01
115 1.452880e-01 1.531414e-01
116 1.531414e-01 1.609948e-01
117 1.609948e-01 1.688482e-01
118 1.688482e-01 1.767016e-01
119 1.767016e-01 1.845550e-01
120 1.845550e-01 1.924084e-01
121 1.924084e-01 2.002618e-01
122 2.002618e-01 2.081152e-01
123 2.081152e-01 2.159686e-01
124 2.159686e-01 2.238220e-01
125 2.238220e-01 2.316754e-01
126 2.316754e-01 2.395288e-01
127 2.395288e-01 2.473822e-01
128 2.473822e-01 2.552356e-01
129 2.552356e-01 2.630890e-01
130 2.630890e-01 2.709424e-01
131 2.709424e-01 2.787958e-01
132 2.787958e-01 2.866492e-01
133 2.866492e-01 2.945026e-01
134 2.945026e-01 3.023560e-01
135 3.023560e-01 3.102094e-01
136 3.102094e-01 3.180628e-01
137 3.180628e-01 3.259162e-01
138 3.259162e-01 3.337696e-01
139 3.337696e-01 3.416230e-01
140 3.416230e-01 3.494764e-01
141 3.494764e-01 3.573298e-01
142 3.573298e-01 3.651832e-01
143 3.651832e-01 3.730366e-01
144 3.730366e-01 3.808901e-01
145 3.808901e-01 3.887435e-01
146 3.887435e-01 3.965969e-01
147 3.965969e-01 4.044503e-01
148 4.044503e-01 4.123037e-01
149 4.123037e-01 4.201571e-01
150 4.201571e-01 4.280105e-01
151 4.280105e-01 4.358639e-01
152 4.358639e-01 4.437173e-01
153 4.437173e-01 4.515707e-01
154 4.515707e-01 4.594241e-01
155 4.594241e-01 4.672775e-01
156 4.672775e-01 4.751309e-01
157 4.751309e-01 4.829843e-01
158 4.829843e-01 4.908377e-01
159 4.908377e-01 4.986911e-01
160 4.986911e-01 5.065445e-01
161 5.065445e-01 5.143979e-01
162 5.143979e-01 5.222513e-01
163 5.222513e-01 5.301047e-01
164 5.301047e-01 5.379581e-01
165 5.379581e-01 5.458115e-01
166 5.458115e-01 5.536649e-01
167 5.536649e-01 5.615183e-01
168 5.615183e-01 5.693717e-01
169 5.693717e-01 5.772251e-01
170 5.772251e-01 5.850785e-01
171 5.850785e-01 5.929319e-01
172 5.929319e-01 6.007853e-01
173 6.007853e-01 6.086387e-01
174 6.086387e-01 6.164921e-01
175 6.164921e-01 6.243455e-01
176 6.243455e-01 6.321990e-01
177 6.321990e-01 6.400524e-01
178 6.400524e-01 6.479058e-01
179 6.479058e-01 6.557592e-01
180 6.557592e-01 6.636126e-01
181 6.636126e-01 6.714660e-01
182 6.714660e-01 6.793194e-01
183 6.793194e-01 6.871728e-01
184 6.871728e-01 6.950262e-01
185 6.950262e-01 7.028796e-01
186 7.028796e-01 7.107330e-01
187 7.107330e-01 7.185864e-01
188 7.185864e-01 7.264398e-01
189 7.264398e-01 7.342932e-01
190 7.342932e-01 7.421466e-01
191 7.421466e-01 7.500000e-01
192 7.500000e-01 7.578534e-01
1
1 0.0 1.0
